<?xml version="1.0" encoding="UTF-8"?>
<testsuite xmlns:xsi="http://www.w3.org/2001/XMLSchema-instance" xsi:noNamespaceSchemaLocation="https://maven.apache.org/surefire/maven-surefire-plugin/xsd/surefire-test-report.xsd" version="3.0.2" name="div.m0anwar.task3.Task3ApplicationTests" time="8.285" tests="6" errors="0" skipped="0" failures="1">
  <properties>
    <property name="java.specification.version" value="21"/>
    <property name="sun.jnu.encoding" value="UTF-8"/>
    <property name="java.class.path" value="/mnt/par/college/semester_7/comp_415/Tasks/Task3/CS415-Task3/target/test-classes:/mnt/par/college/semester_7/comp_415/Tasks/Task3/CS415-Task3/target/classes:/home/mo-anwat/.m2/repository/org/springframework/boot/spring-boot-starter-web/3.5.6/spring-boot-starter-web-3.5.6.jar:/home/mo-anwat/.m2/repository/org/springframework/boot/spring-boot-starter/3.5.6/spring-boot-starter-3.5.6.jar:/home/mo-anwat/.m2/repository/org/springframework/boot/spring-boot/3.5.6/spring-boot-3.5.6.jar:/home/mo-anwat/.m2/repository/org/springframework/boot/spring-boot-autoconfigure/3.5.6/spring-boot-autoconfigure-3.5.6.jar:/home/mo-anwat/.m2/repository/org/springframework/boot/spring-boot-starter-logging/3.5.6/spring-boot-starter-logging-3.5.6.jar:/home/mo-anwat/.m2/repository/ch/qos/logback/logback-classic/1.5.18/logback-classic-1.5.18.jar:/home/mo-anwat/.m2/repository/ch/qos/logback/logback-core/1.5.18/logback-core-1.5.18.jar:/home/mo-anwat/.m2/repository/org/apache/logging/log4j/log4j-to-slf4j/2.24.3/log4j-to-slf4j-2.24.3.jar:/home/mo-anwat/.m2/repository/org/apache/logging/log4j/log4j-api/2.24.3/log4j-api-2.24.3.jar:/home/mo-anwat/.m2/repository/org/slf4j/jul-to-slf4j/2.0.17/jul-to-slf4j-2.0.17.jar:/home/mo-anwat/.m2/repository/jakarta/annotation/jakarta.annotation-api/2.1.1/jakarta.annotation-api-2.1.1.jar:/home/mo-anwat/.m2/repository/org/yaml/snakeyaml/2.4/snakeyaml-2.4.jar:/home/mo-anwat/.m2/repository/org/springframework/boot/spring-boot-starter-json/3.5.6/spring-boot-starter-json-3.5.6.jar:/home/mo-anwat/.m2/repository/com/fasterxml/jackson/core/jackson-databind/2.19.2/jackson-databind-2.19.2.jar:/home/mo-anwat/.m2/repository/com/fasterxml/jackson/core/jackson-annotations/2.19.2/jackson-annotations-2.19.2.jar:/home/mo-anwat/.m2/repository/com/fasterxml/jackson/core/jackson-core/2.19.2/jackson-core-2.19.2.jar:/home/mo-anwat/.m2/repository/com/fasterxml/jackson/datatype/jackson-datatype-jdk8/2.19.2/jackson-datatype-jdk8-2.19.2.jar:/home/mo-anwat/.m2/repository/com/fasterxml/jackson/datatype/jackson-datatype-jsr310/2.19.2/jackson-datatype-jsr310-2.19.2.jar:/home/mo-anwat/.m2/repository/com/fasterxml/jackson/module/jackson-module-parameter-names/2.19.2/jackson-module-parameter-names-2.19.2.jar:/home/mo-anwat/.m2/repository/org/springframework/boot/spring-boot-starter-tomcat/3.5.6/spring-boot-starter-tomcat-3.5.6.jar:/home/mo-anwat/.m2/repository/org/apache/tomcat/embed/tomcat-embed-core/10.1.46/tomcat-embed-core-10.1.46.jar:/home/mo-anwat/.m2/repository/org/apache/tomcat/embed/tomcat-embed-el/10.1.46/tomcat-embed-el-10.1.46.jar:/home/mo-anwat/.m2/repository/org/apache/tomcat/embed/tomcat-embed-websocket/10.1.46/tomcat-embed-websocket-10.1.46.jar:/home/mo-anwat/.m2/repository/org/springframework/spring-web/6.2.11/spring-web-6.2.11.jar:/home/mo-anwat/.m2/repository/org/springframework/spring-beans/6.2.11/spring-beans-6.2.11.jar:/home/mo-anwat/.m2/repository/io/micrometer/micrometer-observation/1.15.4/micrometer-observation-1.15.4.jar:/home/mo-anwat/.m2/repository/io/micrometer/micrometer-commons/1.15.4/micrometer-commons-1.15.4.jar:/home/mo-anwat/.m2/repository/org/springframework/spring-webmvc/6.2.11/spring-webmvc-6.2.11.jar:/home/mo-anwat/.m2/repository/org/springframework/spring-aop/6.2.11/spring-aop-6.2.11.jar:/home/mo-anwat/.m2/repository/org/springframework/spring-context/6.2.11/spring-context-6.2.11.jar:/home/mo-anwat/.m2/repository/org/springframework/spring-expression/6.2.11/spring-expression-6.2.11.jar:/home/mo-anwat/.m2/repository/org/springframework/boot/spring-boot-starter-test/3.5.6/spring-boot-starter-test-3.5.6.jar:/home/mo-anwat/.m2/repository/org/springframework/boot/spring-boot-test/3.5.6/spring-boot-test-3.5.6.jar:/home/mo-anwat/.m2/repository/org/springframework/boot/spring-boot-test-autoconfigure/3.5.6/spring-boot-test-autoconfigure-3.5.6.jar:/home/mo-anwat/.m2/repository/com/jayway/jsonpath/json-path/2.9.0/json-path-2.9.0.jar:/home/mo-anwat/.m2/repository/org/slf4j/slf4j-api/2.0.17/slf4j-api-2.0.17.jar:/home/mo-anwat/.m2/repository/jakarta/xml/bind/jakarta.xml.bind-api/4.0.2/jakarta.xml.bind-api-4.0.2.jar:/home/mo-anwat/.m2/repository/jakarta/activation/jakarta.activation-api/2.1.4/jakarta.activation-api-2.1.4.jar:/home/mo-anwat/.m2/repository/net/minidev/json-smart/2.5.2/json-smart-2.5.2.jar:/home/mo-anwat/.m2/repository/net/minidev/accessors-smart/2.5.2/accessors-smart-2.5.2.jar:/home/mo-anwat/.m2/repository/org/ow2/asm/asm/9.7.1/asm-9.7.1.jar:/home/mo-anwat/.m2/repository/org/assertj/assertj-core/3.27.4/assertj-core-3.27.4.jar:/home/mo-anwat/.m2/repository/net/bytebuddy/byte-buddy/1.17.7/byte-buddy-1.17.7.jar:/home/mo-anwat/.m2/repository/org/awaitility/awaitility/4.2.2/awaitility-4.2.2.jar:/home/mo-anwat/.m2/repository/org/hamcrest/hamcrest/3.0/hamcrest-3.0.jar:/home/mo-anwat/.m2/repository/org/junit/jupiter/junit-jupiter/5.12.2/junit-jupiter-5.12.2.jar:/home/mo-anwat/.m2/repository/org/junit/jupiter/junit-jupiter-api/5.12.2/junit-jupiter-api-5.12.2.jar:/home/mo-anwat/.m2/repository/org/opentest4j/opentest4j/1.3.0/opentest4j-1.3.0.jar:/home/mo-anwat/.m2/repository/org/junit/platform/junit-platform-commons/1.12.2/junit-platform-commons-1.12.2.jar:/home/mo-anwat/.m2/repository/org/apiguardian/apiguardian-api/1.1.2/apiguardian-api-1.1.2.jar:/home/mo-anwat/.m2/repository/org/junit/jupiter/junit-jupiter-params/5.12.2/junit-jupiter-params-5.12.2.jar:/home/mo-anwat/.m2/repository/org/junit/jupiter/junit-jupiter-engine/5.12.2/junit-jupiter-engine-5.12.2.jar:/home/mo-anwat/.m2/repository/org/junit/platform/junit-platform-engine/1.12.2/junit-platform-engine-1.12.2.jar:/home/mo-anwat/.m2/repository/org/mockito/mockito-core/5.17.0/mockito-core-5.17.0.jar:/home/mo-anwat/.m2/repository/net/bytebuddy/byte-buddy-agent/1.17.7/byte-buddy-agent-1.17.7.jar:/home/mo-anwat/.m2/repository/org/objenesis/objenesis/3.3/objenesis-3.3.jar:/home/mo-anwat/.m2/repository/org/mockito/mockito-junit-jupiter/5.17.0/mockito-junit-jupiter-5.17.0.jar:/home/mo-anwat/.m2/repository/org/skyscreamer/jsonassert/1.5.3/jsonassert-1.5.3.jar:/home/mo-anwat/.m2/repository/com/vaadin/external/google/android-json/0.0.20131108.vaadin1/android-json-0.0.20131108.vaadin1.jar:/home/mo-anwat/.m2/repository/org/springframework/spring-core/6.2.11/spring-core-6.2.11.jar:/home/mo-anwat/.m2/repository/org/springframework/spring-jcl/6.2.11/spring-jcl-6.2.11.jar:/home/mo-anwat/.m2/repository/org/springframework/spring-test/6.2.11/spring-test-6.2.11.jar:/home/mo-anwat/.m2/repository/org/xmlunit/xmlunit-core/2.10.4/xmlunit-core-2.10.4.jar:/home/mo-anwat/.m2/repository/org/projectlombok/lombok/1.18.34/lombok-1.18.34.jar:"/>
    <property name="java.vm.vendor" value="Ubuntu"/>
    <property name="sun.arch.data.model" value="64"/>
    <property name="java.vendor.url" value="https://ubuntu.com/"/>
    <property name="user.timezone" value="Africa/Cairo"/>
    <property name="os.name" value="Linux"/>
    <property name="java.vm.specification.version" value="21"/>
    <property name="APPLICATION_NAME" value="task3"/>
    <property name="sun.java.launcher" value="SUN_STANDARD"/>
    <property name="user.country" value="US"/>
    <property name="sun.boot.library.path" value="/usr/lib/jvm/java-21-openjdk-amd64/lib"/>
    <property name="sun.java.command" value="/mnt/par/college/semester_7/comp_415/Tasks/Task3/CS415-Task3/target/surefire/surefirebooter-20251021014701697_3.jar /mnt/par/college/semester_7/comp_415/Tasks/Task3/CS415-Task3/target/surefire 2025-10-21T01-47-01_407-jvmRun1 surefire-20251021014701697_1tmp surefire_0-20251021014701697_2tmp"/>
    <property name="jdk.debug" value="release"/>
    <property name="surefire.test.class.path" value="/mnt/par/college/semester_7/comp_415/Tasks/Task3/CS415-Task3/target/test-classes:/mnt/par/college/semester_7/comp_415/Tasks/Task3/CS415-Task3/target/classes:/home/mo-anwat/.m2/repository/org/springframework/boot/spring-boot-starter-web/3.5.6/spring-boot-starter-web-3.5.6.jar:/home/mo-anwat/.m2/repository/org/springframework/boot/spring-boot-starter/3.5.6/spring-boot-starter-3.5.6.jar:/home/mo-anwat/.m2/repository/org/springframework/boot/spring-boot/3.5.6/spring-boot-3.5.6.jar:/home/mo-anwat/.m2/repository/org/springframework/boot/spring-boot-autoconfigure/3.5.6/spring-boot-autoconfigure-3.5.6.jar:/home/mo-anwat/.m2/repository/org/springframework/boot/spring-boot-starter-logging/3.5.6/spring-boot-starter-logging-3.5.6.jar:/home/mo-anwat/.m2/repository/ch/qos/logback/logback-classic/1.5.18/logback-classic-1.5.18.jar:/home/mo-anwat/.m2/repository/ch/qos/logback/logback-core/1.5.18/logback-core-1.5.18.jar:/home/mo-anwat/.m2/repository/org/apache/logging/log4j/log4j-to-slf4j/2.24.3/log4j-to-slf4j-2.24.3.jar:/home/mo-anwat/.m2/repository/org/apache/logging/log4j/log4j-api/2.24.3/log4j-api-2.24.3.jar:/home/mo-anwat/.m2/repository/org/slf4j/jul-to-slf4j/2.0.17/jul-to-slf4j-2.0.17.jar:/home/mo-anwat/.m2/repository/jakarta/annotation/jakarta.annotation-api/2.1.1/jakarta.annotation-api-2.1.1.jar:/home/mo-anwat/.m2/repository/org/yaml/snakeyaml/2.4/snakeyaml-2.4.jar:/home/mo-anwat/.m2/repository/org/springframework/boot/spring-boot-starter-json/3.5.6/spring-boot-starter-json-3.5.6.jar:/home/mo-anwat/.m2/repository/com/fasterxml/jackson/core/jackson-databind/2.19.2/jackson-databind-2.19.2.jar:/home/mo-anwat/.m2/repository/com/fasterxml/jackson/core/jackson-annotations/2.19.2/jackson-annotations-2.19.2.jar:/home/mo-anwat/.m2/repository/com/fasterxml/jackson/core/jackson-core/2.19.2/jackson-core-2.19.2.jar:/home/mo-anwat/.m2/repository/com/fasterxml/jackson/datatype/jackson-datatype-jdk8/2.19.2/jackson-datatype-jdk8-2.19.2.jar:/home/mo-anwat/.m2/repository/com/fasterxml/jackson/datatype/jackson-datatype-jsr310/2.19.2/jackson-datatype-jsr310-2.19.2.jar:/home/mo-anwat/.m2/repository/com/fasterxml/jackson/module/jackson-module-parameter-names/2.19.2/jackson-module-parameter-names-2.19.2.jar:/home/mo-anwat/.m2/repository/org/springframework/boot/spring-boot-starter-tomcat/3.5.6/spring-boot-starter-tomcat-3.5.6.jar:/home/mo-anwat/.m2/repository/org/apache/tomcat/embed/tomcat-embed-core/10.1.46/tomcat-embed-core-10.1.46.jar:/home/mo-anwat/.m2/repository/org/apache/tomcat/embed/tomcat-embed-el/10.1.46/tomcat-embed-el-10.1.46.jar:/home/mo-anwat/.m2/repository/org/apache/tomcat/embed/tomcat-embed-websocket/10.1.46/tomcat-embed-websocket-10.1.46.jar:/home/mo-anwat/.m2/repository/org/springframework/spring-web/6.2.11/spring-web-6.2.11.jar:/home/mo-anwat/.m2/repository/org/springframework/spring-beans/6.2.11/spring-beans-6.2.11.jar:/home/mo-anwat/.m2/repository/io/micrometer/micrometer-observation/1.15.4/micrometer-observation-1.15.4.jar:/home/mo-anwat/.m2/repository/io/micrometer/micrometer-commons/1.15.4/micrometer-commons-1.15.4.jar:/home/mo-anwat/.m2/repository/org/springframework/spring-webmvc/6.2.11/spring-webmvc-6.2.11.jar:/home/mo-anwat/.m2/repository/org/springframework/spring-aop/6.2.11/spring-aop-6.2.11.jar:/home/mo-anwat/.m2/repository/org/springframework/spring-context/6.2.11/spring-context-6.2.11.jar:/home/mo-anwat/.m2/repository/org/springframework/spring-expression/6.2.11/spring-expression-6.2.11.jar:/home/mo-anwat/.m2/repository/org/springframework/boot/spring-boot-starter-test/3.5.6/spring-boot-starter-test-3.5.6.jar:/home/mo-anwat/.m2/repository/org/springframework/boot/spring-boot-test/3.5.6/spring-boot-test-3.5.6.jar:/home/mo-anwat/.m2/repository/org/springframework/boot/spring-boot-test-autoconfigure/3.5.6/spring-boot-test-autoconfigure-3.5.6.jar:/home/mo-anwat/.m2/repository/com/jayway/jsonpath/json-path/2.9.0/json-path-2.9.0.jar:/home/mo-anwat/.m2/repository/org/slf4j/slf4j-api/2.0.17/slf4j-api-2.0.17.jar:/home/mo-anwat/.m2/repository/jakarta/xml/bind/jakarta.xml.bind-api/4.0.2/jakarta.xml.bind-api-4.0.2.jar:/home/mo-anwat/.m2/repository/jakarta/activation/jakarta.activation-api/2.1.4/jakarta.activation-api-2.1.4.jar:/home/mo-anwat/.m2/repository/net/minidev/json-smart/2.5.2/json-smart-2.5.2.jar:/home/mo-anwat/.m2/repository/net/minidev/accessors-smart/2.5.2/accessors-smart-2.5.2.jar:/home/mo-anwat/.m2/repository/org/ow2/asm/asm/9.7.1/asm-9.7.1.jar:/home/mo-anwat/.m2/repository/org/assertj/assertj-core/3.27.4/assertj-core-3.27.4.jar:/home/mo-anwat/.m2/repository/net/bytebuddy/byte-buddy/1.17.7/byte-buddy-1.17.7.jar:/home/mo-anwat/.m2/repository/org/awaitility/awaitility/4.2.2/awaitility-4.2.2.jar:/home/mo-anwat/.m2/repository/org/hamcrest/hamcrest/3.0/hamcrest-3.0.jar:/home/mo-anwat/.m2/repository/org/junit/jupiter/junit-jupiter/5.12.2/junit-jupiter-5.12.2.jar:/home/mo-anwat/.m2/repository/org/junit/jupiter/junit-jupiter-api/5.12.2/junit-jupiter-api-5.12.2.jar:/home/mo-anwat/.m2/repository/org/opentest4j/opentest4j/1.3.0/opentest4j-1.3.0.jar:/home/mo-anwat/.m2/repository/org/junit/platform/junit-platform-commons/1.12.2/junit-platform-commons-1.12.2.jar:/home/mo-anwat/.m2/repository/org/apiguardian/apiguardian-api/1.1.2/apiguardian-api-1.1.2.jar:/home/mo-anwat/.m2/repository/org/junit/jupiter/junit-jupiter-params/5.12.2/junit-jupiter-params-5.12.2.jar:/home/mo-anwat/.m2/repository/org/junit/jupiter/junit-jupiter-engine/5.12.2/junit-jupiter-engine-5.12.2.jar:/home/mo-anwat/.m2/repository/org/junit/platform/junit-platform-engine/1.12.2/junit-platform-engine-1.12.2.jar:/home/mo-anwat/.m2/repository/org/mockito/mockito-core/5.17.0/mockito-core-5.17.0.jar:/home/mo-anwat/.m2/repository/net/bytebuddy/byte-buddy-agent/1.17.7/byte-buddy-agent-1.17.7.jar:/home/mo-anwat/.m2/repository/org/objenesis/objenesis/3.3/objenesis-3.3.jar:/home/mo-anwat/.m2/repository/org/mockito/mockito-junit-jupiter/5.17.0/mockito-junit-jupiter-5.17.0.jar:/home/mo-anwat/.m2/repository/org/skyscreamer/jsonassert/1.5.3/jsonassert-1.5.3.jar:/home/mo-anwat/.m2/repository/com/vaadin/external/google/android-json/0.0.20131108.vaadin1/android-json-0.0.20131108.vaadin1.jar:/home/mo-anwat/.m2/repository/org/springframework/spring-core/6.2.11/spring-core-6.2.11.jar:/home/mo-anwat/.m2/repository/org/springframework/spring-jcl/6.2.11/spring-jcl-6.2.11.jar:/home/mo-anwat/.m2/repository/org/springframework/spring-test/6.2.11/spring-test-6.2.11.jar:/home/mo-anwat/.m2/repository/org/xmlunit/xmlunit-core/2.10.4/xmlunit-core-2.10.4.jar:/home/mo-anwat/.m2/repository/org/projectlombok/lombok/1.18.34/lombok-1.18.34.jar:"/>
    <property name="sun.cpu.endian" value="little"/>
    <property name="user.home" value="/home/mo-anwat"/>
    <property name="user.language" value="en"/>
    <property name="java.specification.vendor" value="Oracle Corporation"/>
    <property name="java.version.date" value="2025-07-15"/>
    <property name="java.home" value="/usr/lib/jvm/java-21-openjdk-amd64"/>
    <property name="file.separator" value="/"/>
    <property name="basedir" value="/mnt/par/college/semester_7/comp_415/Tasks/Task3/CS415-Task3"/>
    <property name="java.vm.compressedOopsMode" value="Zero based"/>
    <property name="line.separator" value="&#10;"/>
    <property name="java.vm.specification.vendor" value="Oracle Corporation"/>
    <property name="java.specification.name" value="Java Platform API Specification"/>
    <property name="FILE_LOG_CHARSET" value="UTF-8"/>
    <property name="java.awt.headless" value="true"/>
    <property name="surefire.real.class.path" value="/mnt/par/college/semester_7/comp_415/Tasks/Task3/CS415-Task3/target/surefire/surefirebooter-20251021014701697_3.jar"/>
    <property name="sun.management.compiler" value="HotSpot 64-Bit Tiered Compilers"/>
    <property name="java.runtime.version" value="21.0.8+9-Ubuntu-0ubuntu124.04.1"/>
    <property name="user.name" value="mo-anwat"/>
    <property name="stdout.encoding" value="UTF-8"/>
    <property name="path.separator" value=":"/>
    <property name="os.version" value="6.11.0-21-generic"/>
    <property name="java.runtime.name" value="OpenJDK Runtime Environment"/>
    <property name="file.encoding" value="UTF-8"/>
    <property name="java.vm.name" value="OpenJDK 64-Bit Server VM"/>
    <property name="localRepository" value="/home/mo-anwat/.m2/repository"/>
    <property name="java.vendor.url.bug" value="https://bugs.launchpad.net/ubuntu/+source/openjdk-21"/>
    <property name="java.io.tmpdir" value="/tmp"/>
    <property name="java.version" value="21.0.8"/>
    <property name="user.dir" value="/mnt/par/college/semester_7/comp_415/Tasks/Task3/CS415-Task3"/>
    <property name="os.arch" value="amd64"/>
    <property name="java.vm.specification.name" value="Java Virtual Machine Specification"/>
    <property name="PID" value="37658"/>
    <property name="CONSOLE_LOG_CHARSET" value="UTF-8"/>
    <property name="native.encoding" value="UTF-8"/>
    <property name="java.library.path" value="/usr/java/packages/lib:/usr/lib/x86_64-linux-gnu/jni:/lib/x86_64-linux-gnu:/usr/lib/x86_64-linux-gnu:/usr/lib/jni:/lib:/usr/lib"/>
    <property name="java.vm.info" value="mixed mode, sharing"/>
    <property name="stderr.encoding" value="UTF-8"/>
    <property name="java.vendor" value="Ubuntu"/>
    <property name="java.vm.version" value="21.0.8+9-Ubuntu-0ubuntu124.04.1"/>
    <property name="sun.io.unicode.encoding" value="UnicodeLittle"/>
    <property name="java.class.version" value="65.0"/>
    <property name="LOGGED_APPLICATION_NAME" value="[task3] "/>
  </properties>
  <testcase name="testDeleteEmployee" classname="div.m0anwar.task3.Task3ApplicationTests" time="2.156">
    <system-out><![CDATA[01:47:03.916 [main] INFO org.springframework.test.context.support.AnnotationConfigContextLoaderUtils -- Could not detect default configuration classes for test class [div.m0anwar.task3.Task3ApplicationTests]: Task3ApplicationTests does not declare any static, non-private, non-final, nested classes annotated with @Configuration.
01:47:04.307 [main] INFO org.springframework.boot.test.context.SpringBootTestContextBootstrapper -- Found @SpringBootConfiguration div.m0anwar.task3.Task3Application for test class div.m0anwar.task3.Task3ApplicationTests

  .   ____          _            __ _ _
 /\\ / ___'_ __ _ _(_)_ __  __ _ \ \ \ \
( ( )\___ | '_ | '_| | '_ \/ _` | \ \ \ \
 \\/  ___)| |_)| | | | | || (_| |  ) ) ) )
  '  |____| .__|_| |_|_| |_\__, | / / / /
 =========|_|==============|___/=/_/_/_/

 :: Spring Boot ::                (v3.5.6)

2025-10-21T01:47:05.791+03:00  INFO 37658 --- [task3] [           main] d.m0anwar.task3.Task3ApplicationTests    : Starting Task3ApplicationTests using Java 21.0.8 with PID 37658 (started by mo-anwat in /mnt/par/college/semester_7/comp_415/Tasks/Task3/CS415-Task3)
2025-10-21T01:47:05.797+03:00  INFO 37658 --- [task3] [           main] d.m0anwar.task3.Task3ApplicationTests    : No active profile set, falling back to 1 default profile: "default"
2025-10-21T01:47:09.316+03:00  INFO 37658 --- [task3] [           main] d.m0anwar.task3.Task3ApplicationTests    : Started Task3ApplicationTests in 4.539 seconds (process running for 7.45)
]]></system-out>
    <system-err><![CDATA[Mockito is currently self-attaching to enable the inline-mock-maker. This will no longer work in future releases of the JDK. Please add Mockito as an agent to your build as described in Mockito's documentation: https://javadoc.io/doc/org.mockito/mockito-core/latest/org.mockito/org/mockito/Mockito.html#0.3
WARNING: A Java agent has been loaded dynamically (/home/mo-anwat/.m2/repository/net/bytebuddy/byte-buddy-agent/1.17.7/byte-buddy-agent-1.17.7.jar)
WARNING: If a serviceability tool is in use, please run with -XX:+EnableDynamicAgentLoading to hide this warning
WARNING: If a serviceability tool is not in use, please run with -Djdk.instrument.traceUsage for more information
WARNING: Dynamic loading of agents will be disallowed by default in a future release
]]></system-err>
  </testcase>
  <testcase name="testFindAll" classname="div.m0anwar.task3.Task3ApplicationTests" time="0.04">
    <failure message="expected: &lt;[div.m0anwar.task3.entity.Employee@67f116b1, div.m0anwar.task3.entity.Employee@fcd5cd52, div.m0anwar.task3.entity.Employee@91ba83f3]&gt; but was: &lt;[div.m0anwar.task3.entity.Employee@67f116b1, div.m0anwar.task3.entity.Employee@fcd5cd52, div.m0anwar.task3.entity.Employee@91ba83f3, div.m0anwar.task3.entity.Employee@269f3a94]&gt;" type="org.opentest4j.AssertionFailedError"><![CDATA[org.opentest4j.AssertionFailedError: expected: <[div.m0anwar.task3.entity.Employee@67f116b1, div.m0anwar.task3.entity.Employee@fcd5cd52, div.m0anwar.task3.entity.Employee@91ba83f3]> but was: <[div.m0anwar.task3.entity.Employee@67f116b1, div.m0anwar.task3.entity.Employee@fcd5cd52, div.m0anwar.task3.entity.Employee@91ba83f3, div.m0anwar.task3.entity.Employee@269f3a94]>
	at org.junit.jupiter.api.AssertionFailureBuilder.build(AssertionFailureBuilder.java:151)
	at org.junit.jupiter.api.AssertionFailureBuilder.buildAndThrow(AssertionFailureBuilder.java:132)
	at org.junit.jupiter.api.AssertEquals.failNotEqual(AssertEquals.java:197)
	at org.junit.jupiter.api.AssertEquals.assertEquals(AssertEquals.java:182)
	at org.junit.jupiter.api.AssertEquals.assertEquals(AssertEquals.java:177)
	at org.junit.jupiter.api.Assertions.assertEquals(Assertions.java:1145)
	at div.m0anwar.task3.Task3ApplicationTests.testFindAll(Task3ApplicationTests.java:51)
	at java.base/java.lang.reflect.Method.invoke(Method.java:580)
	at java.base/java.util.ArrayList.forEach(ArrayList.java:1596)
	at java.base/java.util.ArrayList.forEach(ArrayList.java:1596)
]]></failure>
  </testcase>
  <testcase name="testFindEmployeeUsingId" classname="div.m0anwar.task3.Task3ApplicationTests" time="0.017"/>
  <testcase name="testAddEmployee" classname="div.m0anwar.task3.Task3ApplicationTests" time="0.017"/>
  <testcase name="testFindEmployeeWithInvalidId" classname="div.m0anwar.task3.Task3ApplicationTests" time="0.016"/>
  <testcase name="testDeleteEmployeeWithInvalidId" classname="div.m0anwar.task3.Task3ApplicationTests" time="0.015"/>
</testsuite>